<?xml version="1.0" encoding="UTF-8"?>
<testng-results skipped="0" failed="0" ignored="0" total="1" passed="1">
  <reporter-output>
  </reporter-output>
  <suite name="Default suite" duration-ms="1645" started-at="2021-10-09T01:30:40 AEDT" finished-at="2021-10-09T01:30:41 AEDT">
    <groups>
    </groups>
    <test name="Default test" duration-ms="1645" started-at="2021-10-09T01:30:40 AEDT" finished-at="2021-10-09T01:30:41 AEDT">
      <class name="com.jun.helloworld.StoringMessageUsingJPATest">
        <test-method status="PASS" signature="beforeSuite(java.lang.String,java.lang.String)[pri:0, instance:com.jun.helloworld.StoringMessageUsingJPATest@3571b748]" name="beforeSuite" is-config="true" duration-ms="257" started-at="2021-10-09T01:30:40 AEDT" finished-at="2021-10-09T01:30:40 AEDT">
          <params>
            <param index="0">
              <value is-null="true"/>
            </param>
            <param index="1">
              <value is-null="true"/>
            </param>
          </params>
          <reporter-output>
          </reporter-output>
        </test-method> <!-- beforeSuite -->
        <test-method status="PASS" signature="storeLoadMessage()[pri:0, instance:com.jun.helloworld.StoringMessageUsingJPATest@3571b748]" name="storeLoadMessage" duration-ms="1615" started-at="2021-10-09T01:30:40 AEDT" finished-at="2021-10-09T01:30:41 AEDT">
          <reporter-output>
          </reporter-output>
        </test-method> <!-- storeLoadMessage -->
        <test-method status="PASS" signature="afterSuite()[pri:0, instance:com.jun.helloworld.StoringMessageUsingJPATest@3571b748]" name="afterSuite" is-config="true" duration-ms="389" started-at="2021-10-09T01:30:42 AEDT" finished-at="2021-10-09T01:30:42 AEDT">
          <reporter-output>
          </reporter-output>
        </test-method> <!-- afterSuite -->
      </class> <!-- com.jun.helloworld.StoringMessageUsingJPATest -->
    </test> <!-- Default test -->
  </suite> <!-- Default suite -->
</testng-results>
